Using pre-set license

 COMMAND LINE ARGUMENTS:
/Users/xiuyuanchen/Documents/workspace/2020.3.6f1c1/Unity.app/Contents/MacOS/Unity
-adb2
-batchMode
-noUpm
-name
AssetImportWorker0
-projectPath
/Users/xiuyuanchen/Documents/workspace/unity/iml-unity
-logFile
Logs/AssetImportWorker0.log
-srvPort
59039
Successfully changed project path to: /Users/xiuyuanchen/Documents/workspace/unity/iml-unity
/Users/xiuyuanchen/Documents/workspace/unity/iml-unity
Using Asset Import Pipeline V2.
Refreshing native plugins compatible for Editor in 31.87 ms, found 2 plugins.
Preloading 0 native plugins for Editor in 0.00 ms.
Initialize engine version: 2020.3.6f1c1 (c884b0ebb9b3)
[Subsystems] Discovering subsystems at path /Users/xiuyuanchen/Documents/workspace/2020.3.6f1c1/Unity.app/Contents/Resources/UnitySubsystems
[Subsystems] Discovering subsystems at path /Users/xiuyuanchen/Documents/workspace/unity/iml-unity/Assets
GfxDevice: creating device client; threaded=0
2021-05-02 17:56:48.493 Unity[10388:204864] Color LCD preferred device: Intel(R) Iris(TM) Plus Graphics (low power)
2021-05-02 17:56:48.493 Unity[10388:204864] Metal devices available: 1
2021-05-02 17:56:48.493 Unity[10388:204864] 0: Intel(R) Iris(TM) Plus Graphics (low power)
2021-05-02 17:56:48.493 Unity[10388:204864] Using device Intel(R) Iris(TM) Plus Graphics (low power)
Initializing Metal device caps: Intel(R) Iris(TM) Plus Graphics
Initialize mono
Mono path[0] = '/Users/xiuyuanchen/Documents/workspace/2020.3.6f1c1/Unity.app/Contents/Managed'
Mono path[1] = '/Users/xiuyuanchen/Documents/workspace/2020.3.6f1c1/Unity.app/Contents/MonoBleedingEdge/lib/mono/unityjit'
Mono config path = '/Users/xiuyuanchen/Documents/workspace/2020.3.6f1c1/Unity.app/Contents/MonoBleedingEdge/etc'
Using monoOptions --debugger-agent=transport=dt_socket,embedding=1,server=y,suspend=n,address=127.0.0.1:56388
Begin MonoManager ReloadAssembly
Registering precompiled unity dll's ...
Register platform support module: /Users/xiuyuanchen/Documents/workspace/2020.3.6f1c1/Unity.app/Contents/PlaybackEngines/MacStandaloneSupport/UnityEditor.OSXStandalone.Extensions.dll
Registered in 0.000598 seconds.
Native extension for OSXStandalone target not found
Refreshing native plugins compatible for Editor in 34.67 ms, found 2 plugins.
Preloading 0 native plugins for Editor in 0.00 ms.
Mono: successfully reloaded assembly
- Completed reload, in  2.227 seconds
Platform modules already initialized, skipping
Registering precompiled user dll's ...
Registered in 0.003954 seconds.
Begin MonoManager ReloadAssembly
Native extension for OSXStandalone target not found
Refreshing native plugins compatible for Editor in 0.37 ms, found 2 plugins.
Preloading 0 native plugins for Editor in 0.00 ms.
Mono: successfully reloaded assembly
- Completed reload, in  1.562 seconds
Platform modules already initialized, skipping
========================================================================
Worker process is ready to serve import requests
Launching external process: /Users/xiuyuanchen/Documents/workspace/2020.3.6f1c1/Unity.app/Contents/Tools/UnityShaderCompiler
Launched and connected shader compiler UnityShaderCompiler after 0.02 seconds
Refreshing native plugins compatible for Editor in 0.36 ms, found 2 plugins.
Preloading 0 native plugins for Editor in 0.00 ms.
Unloading 1359 Unused Serialized files (Serialized files now loaded: 0)
System memory in use before: 127.7 MB.
System memory in use after: 127.8 MB.

Unloading 71 unused Assets to reduce memory usage. Loaded Objects now: 1789.
Total: 2.657724 ms (FindLiveObjects: 0.225093 ms CreateObjectMapping: 0.070889 ms MarkObjects: 2.250894 ms  DeleteObjects: 0.108725 ms)

========================================================================
Received Import Request.
  path: Assets/New IML Controller.asset
  artifactKey: Guid(80837973672b8ad4ca67ddade47aa466) Importer(815301076,1909f56bfc062723c751e8b465ee728b)
Start importing Assets/New IML Controller.asset using Guid(80837973672b8ad4ca67ddade47aa466) Importer(815301076,1909f56bfc062723c751e8b465ee728b)  -> (artifact id: 'a367c76e967827ce2b4ad5464930a2e2') in 0.839914 seconds
  Import took 0.842752 seconds .

========================================================================
Received Prepare
Registering precompiled user dll's ...
Registered in 0.001689 seconds.
Begin MonoManager ReloadAssembly
Native extension for OSXStandalone target not found
Refreshing native plugins compatible for Editor in 0.37 ms, found 2 plugins.
Preloading 0 native plugins for Editor in 0.00 ms.
NullReferenceException: Object reference not set to an instance of an object
  at XNodeEditor.NodeEditorAssetModProcessor.OnReloadEditor () [0x0004b] in /Users/xiuyuanchen/Documents/workspace/unity/iml-unity/Assets/Dependencies/xNode/Scripts/Editor/NodeEditorAssetModProcessor.cs:55 

(Filename: Assets/Dependencies/xNode/Scripts/Editor/NodeEditorAssetModProcessor.cs Line: 55)

Mono: successfully reloaded assembly
- Completed reload, in  1.097 seconds
Platform modules already initialized, skipping
Refreshing native plugins compatible for Editor in 0.36 ms, found 2 plugins.
Preloading 0 native plugins for Editor in 0.00 ms.
Unloading 1410 Unused Serialized files (Serialized files now loaded: 0)
System memory in use before: 130.6 MB.
System memory in use after: 130.7 MB.

Unloading 14 unused Assets to reduce memory usage. Loaded Objects now: 1869.
Total: 1.756876 ms (FindLiveObjects: 0.215408 ms CreateObjectMapping: 0.041639 ms MarkObjects: 1.468591 ms  DeleteObjects: 0.030133 ms)

========================================================================
Received Prepare
Registering precompiled user dll's ...
Registered in 0.002464 seconds.
Begin MonoManager ReloadAssembly
Native extension for OSXStandalone target not found
Refreshing native plugins compatible for Editor in 0.42 ms, found 2 plugins.
Preloading 0 native plugins for Editor in 0.00 ms.
Mono: successfully reloaded assembly
- Completed reload, in  0.824 seconds
Platform modules already initialized, skipping
Refreshing native plugins compatible for Editor in 0.63 ms, found 2 plugins.
Preloading 0 native plugins for Editor in 0.00 ms.
Unloading 1705 Unused Serialized files (Serialized files now loaded: 0)
System memory in use before: 128.6 MB.
System memory in use after: 128.7 MB.

Unloading 7 unused Assets to reduce memory usage. Loaded Objects now: 2165.
Total: 1.566051 ms (FindLiveObjects: 0.290726 ms CreateObjectMapping: 0.076823 ms MarkObjects: 1.177969 ms  DeleteObjects: 0.019733 ms)

